0 info it worked if it ends with ok
1 verbose cli [ 'C:\\Program Files\\nodejs\\node.exe',
1 verbose cli   'C:\\Users\\lzhang\\AppData\\Roaming\\npm\\node_modules\\npm\\bin\\npm-cli.js',
1 verbose cli   'install',
1 verbose cli   'ng2-grid-component' ]
2 info using npm@4.0.2
3 info using node@v6.9.1
4 silly loadCurrentTree Starting
5 silly install loadCurrentTree
6 silly install readLocalPackageData
7 silly fetchPackageMetaData ng2-grid-component
8 silly fetchNamedPackageData ng2-grid-component
9 silly mapToRegistry name ng2-grid-component
10 silly mapToRegistry using default registry
11 silly mapToRegistry registry https://registry.npmjs.org/
12 silly mapToRegistry data Result {
12 silly mapToRegistry   raw: 'ng2-grid-component',
12 silly mapToRegistry   scope: null,
12 silly mapToRegistry   escapedName: 'ng2-grid-component',
12 silly mapToRegistry   name: 'ng2-grid-component',
12 silly mapToRegistry   rawSpec: '',
12 silly mapToRegistry   spec: 'latest',
12 silly mapToRegistry   type: 'tag' }
13 silly mapToRegistry uri https://registry.npmjs.org/ng2-grid-component
14 verbose request uri https://registry.npmjs.org/ng2-grid-component
15 verbose request no auth needed
16 info attempt registry request try #1 at 12:37:25 PM
17 verbose request using bearer token for auth
18 verbose request id 5bf851d96ff9eb28
19 verbose etag W/"5852d440-315c"
20 verbose lastModified Thu, 15 Dec 2016 17:34:56 GMT
21 http request GET https://registry.npmjs.org/ng2-grid-component
22 http 304 https://registry.npmjs.org/ng2-grid-component
23 verbose headers { server: 'nginx/1.10.1',
23 verbose headers   'last-modified': 'Thu, 15 Dec 2016 17:34:56 GMT',
23 verbose headers   etag: '"5852d440-315c"',
23 verbose headers   'cache-control': 'max-age=300',
23 verbose headers   'accept-ranges': 'bytes',
23 verbose headers   date: 'Thu, 15 Dec 2016 17:37:25 GMT',
23 verbose headers   via: '1.1 varnish',
23 verbose headers   connection: 'keep-alive',
23 verbose headers   'x-served-by': 'cache-jfk8130-JFK',
23 verbose headers   'x-cache': 'MISS',
23 verbose headers   'x-cache-hits': '0',
23 verbose headers   'x-timer': 'S1481823445.450973,VS0,VE66',
23 verbose headers   vary: 'Accept-Encoding' }
24 silly get cb [ 304,
24 silly get   { server: 'nginx/1.10.1',
24 silly get     'last-modified': 'Thu, 15 Dec 2016 17:34:56 GMT',
24 silly get     etag: '"5852d440-315c"',
24 silly get     'cache-control': 'max-age=300',
24 silly get     'accept-ranges': 'bytes',
24 silly get     date: 'Thu, 15 Dec 2016 17:37:25 GMT',
24 silly get     via: '1.1 varnish',
24 silly get     connection: 'keep-alive',
24 silly get     'x-served-by': 'cache-jfk8130-JFK',
24 silly get     'x-cache': 'MISS',
24 silly get     'x-cache-hits': '0',
24 silly get     'x-timer': 'S1481823445.450973,VS0,VE66',
24 silly get     vary: 'Accept-Encoding' } ]
25 verbose etag https://registry.npmjs.org/ng2-grid-component from cache
26 verbose get saving ng2-grid-component to C:\Users\lzhang\AppData\Roaming\npm-cache\registry.npmjs.org\ng2-grid-component\.cache.json
27 verbose correctMkdir C:\Users\lzhang\AppData\Roaming\npm-cache correctMkdir not in flight; initializing
28 silly install normalizeTree
29 silly loadCurrentTree Finishing
30 silly loadIdealTree Starting
31 silly install loadIdealTree
32 silly cloneCurrentTree Starting
33 silly install cloneCurrentTreeToIdealTree
34 silly cloneCurrentTree Finishing
35 silly loadShrinkwrap Starting
36 silly install loadShrinkwrap
37 silly loadShrinkwrap Finishing
38 silly loadAllDepsIntoIdealTree Starting
39 silly install loadAllDepsIntoIdealTree
40 silly rollbackFailedOptional Starting
41 silly rollbackFailedOptional Finishing
42 silly runTopLevelLifecycles Finishing
43 silly install printInstalled
44 verbose stack Error: Refusing to install package with name "ng2-grid-component" under a package
44 verbose stack also called "ng2-grid-component". Did you name your project the same
44 verbose stack as the dependency you're installing?
44 verbose stack
44 verbose stack For more information, see:
44 verbose stack     <https://docs.npmjs.com/cli/install#limitations-of-npms-install-algorithm>
44 verbose stack     at checkSelf (C:\Users\lzhang\AppData\Roaming\npm\node_modules\npm\lib\install\validate-args.js:53:14)
44 verbose stack     at Array.<anonymous> (C:\Users\lzhang\AppData\Roaming\npm\node_modules\npm\node_modules\slide\lib\bind-actor.js:15:8)
44 verbose stack     at LOOP (C:\Users\lzhang\AppData\Roaming\npm\node_modules\npm\node_modules\slide\lib\chain.js:15:14)
44 verbose stack     at chain (C:\Users\lzhang\AppData\Roaming\npm\node_modules\npm\node_modules\slide\lib\chain.js:20:5)
44 verbose stack     at C:\Users\lzhang\AppData\Roaming\npm\node_modules\npm\lib\install\validate-args.js:16:5
44 verbose stack     at C:\Users\lzhang\AppData\Roaming\npm\node_modules\npm\node_modules\slide\lib\async-map.js:52:35
44 verbose stack     at Array.forEach (native)
44 verbose stack     at C:\Users\lzhang\AppData\Roaming\npm\node_modules\npm\node_modules\slide\lib\async-map.js:52:11
44 verbose stack     at Array.forEach (native)
44 verbose stack     at asyncMap (C:\Users\lzhang\AppData\Roaming\npm\node_modules\npm\node_modules\slide\lib\async-map.js:51:8)
45 verbose cwd C:\Users\lzhang\Desktop\GitHub\ng2-grid
46 error Windows_NT 6.1.7601
47 error argv "C:\\Program Files\\nodejs\\node.exe" "C:\\Users\\lzhang\\AppData\\Roaming\\npm\\node_modules\\npm\\bin\\npm-cli.js" "install" "ng2-grid-component"
48 error node v6.9.1
49 error npm  v4.0.2
50 error code ENOSELF
51 error Refusing to install package with name "ng2-grid-component" under a package
51 error also called "ng2-grid-component". Did you name your project the same
51 error as the dependency you're installing?
51 error
51 error For more information, see:
51 error     <https://docs.npmjs.com/cli/install#limitations-of-npms-install-algorithm>
52 error If you need help, you may report this error at:
52 error     <https://github.com/npm/npm/issues>
53 verbose exit [ 1, true ]
